<?xml version="1.0" encoding="UTF-8"?>
<!-- Generated by org.testng.reporters.JUnitReportReporter -->
<testsuite hostname="DESKTOP-9NTE20V" failures="0" tests="3" name="Protrainingtech.Trainingsessionforselenium.NewTest" time="0.037" errors="0" timestamp="2024-04-13T11:11:55 EDT" skipped="0">
  <testcase classname="Protrainingtech.Trainingsessionforselenium.NewTest" name="testThird" time="0.013"/>
  <testcase classname="Protrainingtech.Trainingsessionforselenium.NewTest" name="testsecond" time="0.008"/>
  <testcase classname="Protrainingtech.Trainingsessionforselenium.NewTest" name="f" time="0.016"/>
</testsuite> <!-- Protrainingtech.Trainingsessionforselenium.NewTest -->
